#
# There is insufficient memory for the Java Runtime Environment to continue.
# Native memory allocation (mmap) failed to map 130023424 bytes for G1 virtual space
# Possible reasons:
#   The system is out of physical RAM or swap space
#   The process is running with CompressedOops enabled, and the Java Heap may be blocking the growth of the native heap
# Possible solutions:
#   Reduce memory load on the system
#   Increase physical memory or swap space
#   Check if swap backing store is full
#   Decrease Java heap size (-Xmx/-Xms)
#   Decrease number of Java threads
#   Decrease Java thread stack sizes (-Xss)
#   Set larger code cache with -XX:ReservedCodeCacheSize=
#   JVM is running with Unscaled Compressed Oops mode in which the Java heap is
#     placed in the first 4GB address space. The Java Heap base address is the
#     maximum limit for the native heap growth. Please use -XX:HeapBaseMinAddress
#     to set the Java Heap base and to place the Java Heap above 4GB virtual address.
# This output file may be truncated or incomplete.
#
#  Out of Memory Error (os_windows.cpp:3530), pid=2924, tid=1260
#
# JRE version:  (18.0.1+10) (build )
# Java VM: Java HotSpot(TM) 64-Bit Server VM (18.0.1+10-24, mixed mode, sharing, tiered, compressed oops, compressed class ptrs, g1 gc, windows-amd64)
# No core dump will be written. Minidumps are not enabled by default on client versions of Windows
#

---------------  S U M M A R Y ------------

Command Line: --add-modules=ALL-DEFAULT jdk.compiler/com.sun.tools.javac.launcher.Main Calculations.java

Host: Intel(R) Core(TM) i5-6300U CPU @ 2.40GHz, 4 cores, 7G,  Windows 10 , 64 bit Build 19041 (10.0.19041.1645)
Time: Wed May  4 10:00:13 2022 Eastern Daylight Time elapsed time: 0.023640 seconds (0d 0h 0m 0s)

---------------  T H R E A D  ---------------

Current thread (0x000001f385206a80):  JavaThread "Unknown thread" [_thread_in_vm, id=1260, stack(0x000000a69ec00000,0x000000a69ed00000)]

Stack: [0x000000a69ec00000,0x000000a69ed00000]
Native frames: (J=compiled Java code, j=interpreted, Vv=VM code, C=native code)
V  [jvm.dll+0x69887a]
V  [jvm.dll+0x7f38bd]
V  [jvm.dll+0x7f51ce]
V  [jvm.dll+0x7f5883]
V  [jvm.dll+0x25ca3f]
V  [jvm.dll+0x6957c9]
V  [jvm.dll+0x68a2fa]
V  [jvm.dll+0x321efb]
V  [jvm.dll+0x3298d6]
V  [jvm.dll+0x37e47e]
V  [jvm.dll+0x37e6af]
V  [jvm.dll+0x2f9c7a]
V  [jvm.dll+0x2facdd]
V  [jvm.dll+0x7c24f0]
V  [jvm.dll+0x38b801]
V  [jvm.dll+0x7a1203]
V  [jvm.dll+0x40d6bf]
V  [jvm.dll+0x40f091]
C  [jli.dll+0x526b]
C  [ucrtbase.dll+0x21bb2]
C  [KERNEL32.DLL+0x17034]
C  [ntdll.dll+0x52651]


---------------  P R O C E S S  ---------------

Threads class SMR info:
_java_thread_list=0x00007ffb5690d550, length=0, elements={
}

Java Threads: ( => current thread )

Other Threads:
  0x000001f385262280 WorkerThread "GC Thread#0" [stack: 0x000000a69ed00000,0x000000a69ee00000] [id=11120]
  0x000001f385272730 ConcurrentGCThread "G1 Main Marker" [stack: 0x000000a69ee00000,0x000000a69ef00000] [id=2236]
  0x000001f3852738c0 WorkerThread "G1 Conc#0" [stack: 0x000000a69ef00000,0x000000a69f000000] [id=16676]

[error occurred during error reporting (printing all threads), id 0xc0000005, EXCEPTION_ACCESS_VIOLATION (0xc0000005) at pc=0x00007ffb5613a217]

VM state: not at safepoint (not fully initialized)

VM Mutex/Monitor currently owned by a thread:  ([mutex/lock_event])
[0x000001f385204140] Heap_lock - owner thread: 0x000001f385206a80

Heap address: 0x0000000085400000, size: 1964 MB, Compressed Oops mode: 32-bit

CDS archive(s) mapped at: [0x0000000000000000-0x0000000000000000-0x0000000000000000), size 0, SharedBaseAddress: 0x0000000800000000, ArchiveRelocationMode: 0.
Narrow klass base: 0x0000000000000000, Narrow klass shift: 0, Narrow klass range: 0x0

GC Precious Log:
 CardTable entry size: 512
 Card Set container configuration: InlinePtr #cards 5 size 8 Array Of Cards #cards 12 size 40 Howl #buckets 4 coarsen threshold 1843 Howl Bitmap #cards 512 size 80 coarsen threshold 460 Card regions per heap region 1 cards per card region 2048

Heap:
 garbage-first heap   total 0K, used 0K [0x0000000085400000, 0x0000000100000000)
  region size 1024K, 0 young (0K), 0 survivors (0K)

[error occurred during error reporting (printing heap information), id 0xc0000005, EXCEPTION_ACCESS_VIOLATION (0xc0000005) at pc=0x00007ffb56520cb9]

GC Heap History (0 events):
No events

Deoptimization events (0 events):
No events

Classes loaded (0 events):
No events

Classes unloaded (0 events):
No events

Classes redefined (0 events):
No events

Internal exceptions (0 events):
No events

VM Operations (0 events):
No events

Events (1 events):
Event: 0.015 Loaded shared library C:\Program Files\Java\jdk-18.0.1\bin\java.dll


Dynamic libraries:
0x00007ff79f410000 - 0x00007ff79f420000 	C:\Program Files\Java\jdk-18.0.1\bin\java.exe
0x00007ffb93050000 - 0x00007ffb93245000 	C:\WINDOWS\SYSTEM32\ntdll.dll
0x00007ffb916c0000 - 0x00007ffb9177e000 	C:\WINDOWS\System32\KERNEL32.DLL
0x00007ffb908b0000 - 0x00007ffb90b78000 	C:\WINDOWS\System32\KERNELBASE.dll
0x00007ffb90fb0000 - 0x00007ffb910b0000 	C:\WINDOWS\System32\ucrtbase.dll
0x00007ffb8bdd0000 - 0x00007ffb8bde8000 	C:\Program Files\Java\jdk-18.0.1\bin\jli.dll
0x00007ffb8bd70000 - 0x00007ffb8bd8a000 	C:\Program Files\Java\jdk-18.0.1\bin\VCRUNTIME140.dll
0x00007ffb92340000 - 0x00007ffb923ee000 	C:\WINDOWS\System32\ADVAPI32.dll
0x00007ffb922a0000 - 0x00007ffb9233e000 	C:\WINDOWS\System32\msvcrt.dll
0x00007ffb92730000 - 0x00007ffb927cc000 	C:\WINDOWS\System32\sechost.dll
0x00007ffb92550000 - 0x00007ffb92675000 	C:\WINDOWS\System32\RPCRT4.dll
0x00007ffb91a40000 - 0x00007ffb91be0000 	C:\WINDOWS\System32\USER32.dll
0x00007ffb90bd0000 - 0x00007ffb90bf2000 	C:\WINDOWS\System32\win32u.dll
0x00007ffb92f30000 - 0x00007ffb92f5a000 	C:\WINDOWS\System32\GDI32.dll
0x00007ffb7ed50000 - 0x00007ffb7efea000 	C:\WINDOWS\WinSxS\amd64_microsoft.windows.common-controls_6595b64144ccf1df_6.0.19041.1110_none_60b5254171f9507e\COMCTL32.dll
0x00007ffb90770000 - 0x00007ffb9087b000 	C:\WINDOWS\System32\gdi32full.dll
0x00007ffb90c00000 - 0x00007ffb90c9d000 	C:\WINDOWS\System32\msvcp_win.dll
0x00007ffb82ea0000 - 0x00007ffb82eaa000 	C:\WINDOWS\SYSTEM32\VERSION.dll
0x00007ffb91930000 - 0x00007ffb91960000 	C:\WINDOWS\System32\IMM32.DLL
0x00007ffb8bdc0000 - 0x00007ffb8bdcc000 	C:\Program Files\Java\jdk-18.0.1\bin\vcruntime140_1.dll
0x00007ffb88f20000 - 0x00007ffb88fad000 	C:\Program Files\Java\jdk-18.0.1\bin\msvcp140.dll
0x00007ffb55e30000 - 0x00007ffb56a40000 	C:\Program Files\Java\jdk-18.0.1\bin\server\jvm.dll
0x00007ffb91120000 - 0x00007ffb91128000 	C:\WINDOWS\System32\PSAPI.DLL
0x00007ffb760d0000 - 0x00007ffb760d9000 	C:\WINDOWS\SYSTEM32\WSOCK32.dll
0x00007ffb92450000 - 0x00007ffb924bb000 	C:\WINDOWS\System32\WS2_32.dll
0x00007ffb81f00000 - 0x00007ffb81f27000 	C:\WINDOWS\SYSTEM32\WINMM.dll
0x00007ffb8f070000 - 0x00007ffb8f082000 	C:\WINDOWS\SYSTEM32\kernel.appcore.dll
0x00007ffb8b290000 - 0x00007ffb8b29a000 	C:\Program Files\Java\jdk-18.0.1\bin\jimage.dll
0x00007ffb8ed30000 - 0x00007ffb8ef14000 	C:\WINDOWS\SYSTEM32\DBGHELP.DLL
0x00007ffb7f5c0000 - 0x00007ffb7f5ec000 	C:\WINDOWS\SYSTEM32\dbgcore.DLL
0x00007ffb90d50000 - 0x00007ffb90dd2000 	C:\WINDOWS\System32\bcryptPrimitives.dll
0x00007ffb8a630000 - 0x00007ffb8a655000 	C:\Program Files\Java\jdk-18.0.1\bin\java.dll

dbghelp: loaded successfully - version: 4.0.5 - missing functions: none
symbol engine: initialized successfully - sym options: 0x614 - pdb path: .;C:\Program Files\Java\jdk-18.0.1\bin;C:\WINDOWS\SYSTEM32;C:\WINDOWS\WinSxS\amd64_microsoft.windows.common-controls_6595b64144ccf1df_6.0.19041.1110_none_60b5254171f9507e;C:\Program Files\Java\jdk-18.0.1\bin\server

VM Arguments:
jvm_args: --add-modules=ALL-DEFAULT 
java_command: jdk.compiler/com.sun.tools.javac.launcher.Main Calculations.java
java_class_path (initial): .
Launcher Type: SUN_STANDARD

[Global flags]
     intx CICompilerCount                          = 3                                         {product} {ergonomic}
     uint ConcGCThreads                            = 1                                         {product} {ergonomic}
     uint G1ConcRefinementThreads                  = 4                                         {product} {ergonomic}
   size_t G1HeapRegionSize                         = 1048576                                   {product} {ergonomic}
    uintx GCDrainStackTargetSize                   = 64                                        {product} {ergonomic}
   size_t InitialHeapSize                          = 130023424                                 {product} {ergonomic}
   size_t MarkStackSize                            = 4194304                                   {product} {ergonomic}
   size_t MaxHeapSize                              = 2059403264                                {product} {ergonomic}
   size_t MinHeapDeltaBytes                        = 1048576                                   {product} {ergonomic}
   size_t MinHeapSize                              = 8388608                                   {product} {ergonomic}
    uintx NonNMethodCodeHeapSize                   = 5832780                                {pd product} {ergonomic}
    uintx NonProfiledCodeHeapSize                  = 122912730                              {pd product} {ergonomic}
    uintx ProfiledCodeHeapSize                     = 122912730                              {pd product} {ergonomic}
    uintx ReservedCodeCacheSize                    = 251658240                              {pd product} {ergonomic}
     bool SegmentedCodeCache                       = true                                      {product} {ergonomic}
   size_t SoftMaxHeapSize                          = 2059403264                             {manageable} {ergonomic}
     bool UseCompressedClassPointers               = true                           {product lp64_product} {ergonomic}
     bool UseCompressedOops                        = true                           {product lp64_product} {ergonomic}
     bool UseG1GC                                  = true                                      {product} {ergonomic}
     bool UseLargePagesIndividualAllocation        = false                                  {pd product} {ergonomic}

Logging:
Log output configuration:
 #0: stdout all=warning uptime,level,tags foldmultilines=false
 #1: stderr all=off uptime,level,tags foldmultilines=false

Environment Variables:
JAVA_HOME=C:\Program Files\Java\jdk-18.0.1
PATH=C:\bin;C:\Program Files\Git\mingw64\bin;C:\Program Files\Git\usr\local\bin;C:\Program Files\Git\usr\bin;C:\Program Files\Git\usr\bin;C:\Program Files\Git\mingw64\bin;C:\Program Files\Git\usr\bin;C:\bin;C:\Program Files\Common Files\Oracle\Java\javapath;C:\Program Files (x86)\Common Files\Oracle\Java\javapath;C:\Program Files (x86)\NVIDIA Corporation\PhysX\Common;C:\ProgramData\Oracle\Java\javapath;C:\WINDOWS\system32;C:\WINDOWS;C:\WINDOWS\System32\Wbem;C:\WINDOWS\System32\WindowsPowerShell\v1.0;C:\Program Files\WIDCOMM\Bluetooth Software;C:\Program Files\WIDCOMM\Bluetooth Software\syswow64;C:\WINDOWS\System32\OpenSSH;C:\Program Files\Git\cmd;C:\Program Files\Notepad++;C:\Program Files\nodejs;C:\Users\admin\AppData\Local\Microsoft\WindowsApps;C:\Program Files\Intel\WiFi\bin;C:\Program Files\Common Files\Intel\WirelessCommon;C:\Users\admin\AppData\Local\Programs\Microsoft VS Code\bin;C:\Users\admin\AppData\Local\GitHubDesktop\bin;C:\Users\admin\AppData\Roaming\npm;C:\Program Files\Git\usr\bin\vendor_perl;C:\Program Files\Git\usr\bin\core_perl
USERNAME=admin
SHELL=C:\Program Files\Git\usr\bin\bash.exe
DISPLAY=needs-to-be-defined
LANG=en_US.UTF-8
OS=Windows_NT
PROCESSOR_IDENTIFIER=Intel64 Family 6 Model 78 Stepping 3, GenuineIntel



---------------  S Y S T E M  ---------------

OS:
 Windows 10 , 64 bit Build 19041 (10.0.19041.1645)
OS uptime: 8 days 16:11 hours

CPU: total 4 (initial active 4) (2 cores per cpu, 2 threads per core) family 6 model 78 stepping 3 microcode 0xcc, cx8, cmov, fxsr, ht, mmx, 3dnowpref, sse, sse2, sse3, ssse3, sse4.1, sse4.2, popcnt, lzcnt, tsc, tscinvbit, avx, avx2, aes, erms, clmul, bmi1, bmi2, rtm, adx, fma, vzeroupper, clflush, clflushopt

Memory: 4k page, system-wide physical 7855M (442M free)
TotalPageFile size 11855M (AvailPageFile size 18M)
current process WorkingSet (physical memory assigned to process): 10M, peak: 10M
current process commit charge ("private bytes"): 52M, peak: 175M

vm_info: Java HotSpot(TM) 64-Bit Server VM (18.0.1+10-24) for windows-amd64 JRE (18.0.1+10-24), built on Mar  9 2022 22:41:56 by "mach5one" with MS VC++ 16.8 / 16.9 (VS2019)

END.
